UD_Afrikaans
UD_Arabic
UD_Basque
UD_Belarusian
UD_Bulgarian
UD_Catalan
UD_Chinese
UD_Croatian
UD_Czech
UD_Danish
UD_Dutch
UD_English
UD_Estonian
UD_Finnish
UD_French
UD_Galician
UD_German
UD_Greek
UD_Hebrew
UD_Hindi
UD_Hungarian
UD_Indonesian
UD_Irish
UD_Italian
UD_Japanese
UD_Korean
UD_Latin
UD_Latvian
UD_Lithuanian
UD_Marathi
UD_Persian
UD_Polish
UD_Portuguese
UD_Romanian
UD_Russian
UD_Serbian
UD_Slovak
UD_Slovenian
UD_Spanish
UD_Swedish
UD_Tamil
UD_Telugu
UD_Turkish
UD_Ukrainian
UD_Urdu
UD_Vietnamese
